<?xml version="1.0" encoding="UTF-8"?>
<!-- Generated by org.testng.reporters.JUnitXMLReporter -->
<testsuite ignored="0" hostname="LAPTOP-L53CQVK8" failures="2" tests="6" name="Sanity" time="0.14" errors="0" timestamp="2024-02-23T21:21:19 IST">
  <testcase classname="TestNg_Basics.Demo3" name="Login" time="0.0">
    <failure type="org.testng.TestNGException" message="
Cannot inject @Test annotated Method [Login] with [class java.lang.String, class java.lang.String].
For more information on native dependency injection please refer to https://testng.org/doc/documentation-main.html#native-dependency-injection">
      <![CDATA[org.testng.TestNGException: 
Cannot inject @Test annotated Method [Login] with [class java.lang.String, class java.lang.String].
For more information on native dependency injection please refer to https://testng.org/doc/documentation-main.html#native-dependency-injection
at java.base/java.util.concurrent.ThreadPoolExecutor.runWorker(ThreadPoolExecutor.java:1144)
at java.base/java.util.concurrent.ThreadPoolExecutor$Worker.run(ThreadPoolExecutor.java:642)
at java.base/java.lang.Thread.run(Thread.java:1623)
... Removed 11 stack frames]]>
    </failure>
  </testcase> <!-- Login -->
  <testcase classname="TestNg_Basics.Demo" name="Login" time="0.013"/>
  <testcase classname="TestNg_Basics.Demo4" name="Post" time="0.015"/>
  <testcase classname="TestNg_Basics.Demo2" name="HomePage" time="0.038">
    <failure type="java.lang.AssertionError" message="expected [Facebook] but found [FaceBook]">
      <![CDATA[java.lang.AssertionError: expected [Facebook] but found [FaceBook]
at TestNg_Basics.Demo2.HomePage(Demo2.java:21)
at java.base/java.util.concurrent.ThreadPoolExecutor.runWorker(ThreadPoolExecutor.java:1144)
at java.base/java.util.concurrent.ThreadPoolExecutor$Worker.run(ThreadPoolExecutor.java:642)
at java.base/java.lang.Thread.run(Thread.java:1623)
... Removed 16 stack frames]]>
    </failure>
  </testcase> <!-- HomePage -->
  <testcase classname="TestNg_Basics.Demo2" name="LogOutPage" time="0.002"/>
  <testcase classname="TestNg_Basics.Demo2" name="LoginPage" time="0.003"/>
</testsuite> <!-- Sanity -->
